{"name":"inValidMethod","id":"com.studentapp.junit.studentsinfo.TagsTest:inValidMethod","testCaseName":"com.studentapp.junit.studentsinfo.TagsTest","testSteps":[{"number":1,"description":"POST http://localhost:8080/student/list","duration":0,"startTime":1501433000478,"result":"SUCCESS","restQuery":{"method":"POST","path":"http://localhost:8080/student/list","content":"","contentType":"null","requestHeaders":"Accept\u003d*/*\n\t\t\t\tContent-Type\u003dapplication/x-www-form-urlencoded; charset\u003dISO-8859-1","requestCookies":"","responseHeaders":"Date: Sun, 30 Jul 2017 16:43:20 GMT\nX-Content-Type-Options: nosniff\nContent-Type: text/html; charset\u003dISO-8859-1\nCache-Control: must-revalidate,no-cache,no-store\nContent-Length: 362\nServer: Jetty(9.2.z-SNAPSHOT)","responseCookies":"","responseBody":"\u003chtml\u003e\n  \u003chead\u003e\n    \u003cmeta http-equiv\u003d\"Content-Type\" content\u003d\"text/html; charset\u003dUTF-8\"/\u003e\n    \u003ctitle\u003eError 403 No valid crumb was included in the request\u003c/title\u003e\n  \u003c/head\u003e\n  \u003cbody\u003e\n    \u003ch2\u003eHTTP ERROR 403\u003c/h2\u003e\n    \u003cp\u003eProblem accessing /student/list. Reason:\n\u003c/p\u003e\n    \u003cpre\u003e    No valid crumb was included in the request\u003c/pre\u003e\n    \u003chr/\u003e\n    \u003ci\u003e\n      \u003csmall\u003ePowered by Jetty://\u003c/small\u003e\n    \u003c/i\u003e\n    \u003chr/\u003e\n  \u003c/body\u003e\n\u003c/html\u003e","statusCode":403},"precondition":false}],"userStory":{"id":"com.studentapp.junit.studentsinfo.TagsTest","storyName":"Tags test","storyClassName":"com.studentapp.junit.studentsinfo.TagsTest","path":"com.studentapp.junit.studentsinfo","type":"story"},"featureTag":{"name":"Studentsinfo/Tags test","type":"story"},"title":"Provide a 405 status code when incorrect HTTP method is used to access a resource","tags":[{"name":"Studentsinfo/Tags test","type":"story"},{"name":"NEGATIVE","type":"studentfeature"},{"name":"Studentsinfo","type":"feature"}],"startTime":1501433000179,"duration":301,"testFailureCause":{"errorType":"java.lang.AssertionError","message":"1 expectation failed.\nExpected status code \u003c405\u003e but was \u003c403\u003e.\n","stackTrace":[{"declaringClass":"io.restassured.internal.ResponseSpecificationImpl","methodName":"validateResponseIfRequired","fileName":"ResponseSpecificationImpl.groovy","lineNumber":636},{"declaringClass":"io.restassured.internal.ResponseSpecificationImpl","methodName":"statusCode","fileName":"ResponseSpecificationImpl.groovy","lineNumber":122},{"declaringClass":"io.restassured.internal.ResponseSpecificationImpl","methodName":"statusCode","fileName":"ResponseSpecificationImpl.groovy","lineNumber":130},{"declaringClass":"io.restassured.internal.ValidatableResponseOptionsImpl","methodName":"statusCode","fileName":"ValidatableResponseOptionsImpl.java","lineNumber":117},{"declaringClass":"com.studentapp.junit.studentsinfo.TagsTest","methodName":"inValidMethod","fileName":"TagsTest.java","lineNumber":26}]},"testFailureClassname":"java.lang.AssertionError","testFailureMessage":"1 expectation failed.\nExpected status code \u003c405\u003e but was \u003c403\u003e.\n","testFailureSummary":"FAILURE;java.lang.AssertionError;1 expectation failed.\nExpected status code \u003c405\u003e but was \u003c403\u003e.\n;ResponseSpecificationImpl.groovy","projectKey":"","annotatedResult":"FAILURE","manual":false,"testSource":"JUnit","result":"FAILURE"}