<?xml version="1.0" encoding="UTF-8"?><testsuite errors="0" failures="4" name="com.studentapp.junit.studentsinfo.StudentsCRUDTest" skipped="0" tests="4" time="1.14" timestamp="2017-07-211 12:43:18"><testcase classname="com.studentapp.junit.studentsinfo.StudentsCRUDTest" name="This test will create a new student"><failure message="1 expectation failed.&#10;Expected status code &lt;201&gt; but was &lt;403&gt;.&#10;" type="java.lang.AssertionError">1 expectation failed.
Expected status code &lt;201&gt; but was &lt;403&gt;.
</failure><system-err>1 expectation failed.
Expected status code &lt;201&gt; but was &lt;403&gt;.

io.restassured.internal.ResponseSpecificationImpl.validateResponseIfRequired(ResponseSpecificationImpl.groovy:636)
io.restassured.internal.ResponseSpecificationImpl.statusCode(ResponseSpecificationImpl.groovy:122)
io.restassured.internal.ResponseSpecificationImpl.statusCode(ResponseSpecificationImpl.groovy:130)
io.restassured.internal.ValidatableResponseOptionsImpl.statusCode(ValidatableResponseOptionsImpl.java:117)
com.studentapp.junit.studentsinfo.StudentsCRUDTest.test001(StudentsCRUDTest.java:49)
</system-err></testcase><testcase classname="com.studentapp.junit.studentsinfo.StudentsCRUDTest" name="Verify if the student was added to the application"><failure message="1 expectation failed.&#10;Expected status code &lt;200&gt; but was &lt;403&gt;.&#10;" type="java.lang.AssertionError">1 expectation failed.
Expected status code &lt;200&gt; but was &lt;403&gt;.
</failure><system-err>1 expectation failed.
Expected status code &lt;200&gt; but was &lt;403&gt;.

io.restassured.internal.ResponseSpecificationImpl.validateResponseIfRequired(ResponseSpecificationImpl.groovy:636)
io.restassured.internal.ResponseSpecificationImpl.statusCode(ResponseSpecificationImpl.groovy:122)
io.restassured.internal.ResponseSpecificationImpl.statusCode(ResponseSpecificationImpl.groovy:130)
io.restassured.internal.ValidatableResponseOptionsImpl.statusCode(ValidatableResponseOptionsImpl.java:117)
com.studentapp.cucumber.serenity.StudentSerenitySteps.getStudentInfoByFirstName(StudentSerenitySteps.java:47)
com.studentapp.junit.studentsinfo.StudentsCRUDTest.test002(StudentsCRUDTest.java:59)
</system-err></testcase><testcase classname="com.studentapp.junit.studentsinfo.StudentsCRUDTest" name="Update the user information and verify the updated information!"><failure message="1 expectation failed.&#10;Expected status code &lt;200&gt; but was &lt;403&gt;.&#10;" type="java.lang.AssertionError">1 expectation failed.
Expected status code &lt;200&gt; but was &lt;403&gt;.
</failure><system-err>1 expectation failed.
Expected status code &lt;200&gt; but was &lt;403&gt;.

io.restassured.internal.ResponseSpecificationImpl.validateResponseIfRequired(ResponseSpecificationImpl.groovy:636)
io.restassured.internal.ResponseSpecificationImpl.statusCode(ResponseSpecificationImpl.groovy:122)
io.restassured.internal.ResponseSpecificationImpl.statusCode(ResponseSpecificationImpl.groovy:130)
io.restassured.internal.ValidatableResponseOptionsImpl.statusCode(ValidatableResponseOptionsImpl.java:117)
com.studentapp.cucumber.serenity.StudentSerenitySteps.getStudentInfoByFirstName(StudentSerenitySteps.java:47)
com.studentapp.junit.studentsinfo.StudentsCRUDTest.test003(StudentsCRUDTest.java:77)
</system-err></testcase><testcase classname="com.studentapp.junit.studentsinfo.StudentsCRUDTest" name="Delete the student and verify if the student is deleted!"><failure message="1 expectation failed.&#10;Expected status code &lt;404&gt; but was &lt;403&gt;.&#10;" type="java.lang.AssertionError">1 expectation failed.
Expected status code &lt;404&gt; but was &lt;403&gt;.
</failure><system-err>1 expectation failed.
Expected status code &lt;404&gt; but was &lt;403&gt;.

io.restassured.internal.ResponseSpecificationImpl.validateResponseIfRequired(ResponseSpecificationImpl.groovy:636)
io.restassured.internal.ResponseSpecificationImpl.statusCode(ResponseSpecificationImpl.groovy:122)
io.restassured.internal.ResponseSpecificationImpl.statusCode(ResponseSpecificationImpl.groovy:130)
io.restassured.internal.ValidatableResponseOptionsImpl.statusCode(ValidatableResponseOptionsImpl.java:117)
com.studentapp.junit.studentsinfo.StudentsCRUDTest.test004(StudentsCRUDTest.java:85)
</system-err></testcase></testsuite>